This is XeTeX, Version 3.141592653-2.6-0.999996 (TeX Live 2024) (preloaded format=xelatex 2024.6.14)  23 AUG 2024 15:33
entering extended mode
 \write18 enabled.
 %&-line parsing enabled.
**en-befolkning-blander-sig.tex
(./en-befolkning-blander-sig.tex
LaTeX2e <2024-06-01> patch level 1
L3 programming layer <2024-05-27>
(/Users/jeppefl/Library/TinyTeX/texmf-dist/tex/latex/base/book.cls
Document Class: book 2024/02/08 v1.4n Standard LaTeX document class
(/Users/jeppefl/Library/TinyTeX/texmf-dist/tex/latex/base/bk10.clo
File: bk10.clo 2024/02/08 v1.4n Standard LaTeX file (size option)
)
\c@part=\count190
\c@chapter=\count191
\c@section=\count192
\c@subsection=\count193
\c@subsubsection=\count194
\c@paragraph=\count195
\c@subparagraph=\count196
\c@figure=\count197
\c@table=\count198
\abovecaptionskip=\skip49
\belowcaptionskip=\skip50
\bibindent=\dimen141
) (/Users/jeppefl/Library/TinyTeX/texmf-dist/tex/latex/amsmath/amsmath.sty
Package: amsmath 2024/05/23 v2.17q AMS math features
\@mathmargin=\skip51
For additional information on amsmath, use the `?' option.
(/Users/jeppefl/Library/TinyTeX/texmf-dist/tex/latex/amsmath/amstext.sty
Package: amstext 2021/08/26 v2.01 AMS text
(/Users/jeppefl/Library/TinyTeX/texmf-dist/tex/latex/amsmath/amsgen.sty
File: amsgen.sty 1999/11/30 v2.0 generic functions
\@emptytoks=\toks17
\ex@=\dimen142
)) (/Users/jeppefl/Library/TinyTeX/texmf-dist/tex/latex/amsmath/amsbsy.sty
Package: amsbsy 1999/11/29 v1.2d Bold Symbols
\pmbraise@=\dimen143
) (/Users/jeppefl/Library/TinyTeX/texmf-dist/tex/latex/amsmath/amsopn.sty
Package: amsopn 2022/04/08 v2.04 operator names
)
\inf@bad=\count199
LaTeX Info: Redefining \frac on input line 233.
\uproot@=\count266
\leftroot@=\count267
LaTeX Info: Redefining \overline on input line 398.
LaTeX Info: Redefining \colon on input line 409.
\classnum@=\count268
\DOTSCASE@=\count269
LaTeX Info: Redefining \ldots on input line 495.
LaTeX Info: Redefining \dots on input line 498.
LaTeX Info: Redefining \cdots on input line 619.
\Mathstrutbox@=\box52
\strutbox@=\box53
LaTeX Info: Redefining \big on input line 721.
LaTeX Info: Redefining \Big on input line 722.
LaTeX Info: Redefining \bigg on input line 723.
LaTeX Info: Redefining \Bigg on input line 724.
\big@size=\dimen144
LaTeX Font Info:    Redeclaring font encoding OML on input line 742.
LaTeX Font Info:    Redeclaring font encoding OMS on input line 743.
\macc@depth=\count270
LaTeX Info: Redefining \bmod on input line 904.
LaTeX Info: Redefining \pmod on input line 909.
LaTeX Info: Redefining \smash on input line 939.
LaTeX Info: Redefining \relbar on input line 969.
LaTeX Info: Redefining \Relbar on input line 970.
\c@MaxMatrixCols=\count271
\dotsspace@=\muskip17
\c@parentequation=\count272
\dspbrk@lvl=\count273
\tag@help=\toks18
\row@=\count274
\column@=\count275
\maxfields@=\count276
\andhelp@=\toks19
\eqnshift@=\dimen145
\alignsep@=\dimen146
\tagshift@=\dimen147
\tagwidth@=\dimen148
\totwidth@=\dimen149
\lineht@=\dimen150
\@envbody=\toks20
\multlinegap=\skip52
\multlinetaggap=\skip53
\mathdisplay@stack=\toks21
LaTeX Info: Redefining \[ on input line 2953.
LaTeX Info: Redefining \] on input line 2954.
) (/Users/jeppefl/Library/TinyTeX/texmf-dist/tex/latex/amsfonts/amssymb.sty
Package: amssymb 2013/01/14 v3.01 AMS font symbols
(/Users/jeppefl/Library/TinyTeX/texmf-dist/tex/latex/amsfonts/amsfonts.sty
Package: amsfonts 2013/01/14 v3.01 Basic AMSFonts support
\symAMSa=\mathgroup4
\symAMSb=\mathgroup5
LaTeX Font Info:    Redeclaring math symbol \hbar on input line 98.
LaTeX Font Info:    Overwriting math alphabet `\mathfrak' in version `bold'
(Font)                  U/euf/m/n --> U/euf/b/n on input line 106.
)) (/Users/jeppefl/Library/TinyTeX/texmf-dist/tex/generic/iftex/iftex.sty
Package: iftex 2022/02/03 v1.0f TeX engine tests
) (/Users/jeppefl/Library/TinyTeX/texmf-dist/tex/latex/unicode-math/unicode-math.sty (/Users/jeppefl/Library/TinyTeX/texmf-dist/tex/latex/l3kernel/expl3.sty
Package: expl3 2024-05-27 L3 programming layer (loader) 
(/Users/jeppefl/Library/TinyTeX/texmf-dist/tex/latex/l3backend/l3backend-xetex.def
File: l3backend-xetex.def 2024-05-08 L3 backend support: XeTeX
\g__graphics_track_int=\count277
\l__pdf_internal_box=\box54
\g__pdf_backend_annotation_int=\count278
\g__pdf_backend_link_int=\count279
))
Package: unicode-math 2023/08/13 v0.8r Unicode maths in XeLaTeX and LuaLaTeX
(/Users/jeppefl/Library/TinyTeX/texmf-dist/tex/latex/unicode-math/unicode-math-xetex.sty
Package: unicode-math-xetex 2023/08/13 v0.8r Unicode maths in XeLaTeX and LuaLaTeX
(/Users/jeppefl/Library/TinyTeX/texmf-dist/tex/latex/l3packages/xparse/xparse.sty
Package: xparse 2024-05-08 L3 Experimental document command parser
) (/Users/jeppefl/Library/TinyTeX/texmf-dist/tex/latex/l3packages/l3keys2e/l3keys2e.sty
Package: l3keys2e 2024-05-08 LaTeX2e option processing using LaTeX3 keys
) (/Users/jeppefl/Library/TinyTeX/texmf-dist/tex/latex/fontspec/fontspec.sty
Package: fontspec 2024/05/11 v2.9e Font selection for XeLaTeX and LuaLaTeX
(/Users/jeppefl/Library/TinyTeX/texmf-dist/tex/latex/fontspec/fontspec-xetex.sty
Package: fontspec-xetex 2024/05/11 v2.9e Font selection for XeLaTeX and LuaLaTeX
\l__fontspec_script_int=\count280
\l__fontspec_language_int=\count281
\l__fontspec_strnum_int=\count282
\l__fontspec_tmp_int=\count283
\l__fontspec_tmpa_int=\count284
\l__fontspec_tmpb_int=\count285
\l__fontspec_tmpc_int=\count286
\l__fontspec_em_int=\count287
\l__fontspec_emdef_int=\count288
\l__fontspec_strong_int=\count289
\l__fontspec_strongdef_int=\count290
\l__fontspec_tmpa_dim=\dimen151
\l__fontspec_tmpb_dim=\dimen152
\l__fontspec_tmpc_dim=\dimen153
(/Users/jeppefl/Library/TinyTeX/texmf-dist/tex/latex/base/fontenc.sty
Package: fontenc 2021/04/29 v2.0v Standard LaTeX package
) (/Users/jeppefl/Library/TinyTeX/texmf-dist/tex/latex/fontspec/fontspec.cfg))) (/Users/jeppefl/Library/TinyTeX/texmf-dist/tex/latex/base/fix-cm.sty
Package: fix-cm 2020/11/24 v1.1t fixes to LaTeX
(/Users/jeppefl/Library/TinyTeX/texmf-dist/tex/latex/base/ts1enc.def
File: ts1enc.def 2001/06/05 v3.0e (jk/car/fm) Standard LaTeX file
LaTeX Font Info:    Redeclaring font encoding TS1 on input line 47.
))
\g__um_fam_int=\count291
\g__um_fonts_used_int=\count292
\l__um_primecount_int=\count293
\g__um_primekern_muskip=\muskip18
(/Users/jeppefl/Library/TinyTeX/texmf-dist/tex/latex/unicode-math/unicode-math-table.tex))) (/Users/jeppefl/Library/TinyTeX/texmf-dist/tex/latex/lm/lmodern.sty
Package: lmodern 2015/05/01 v1.6.1 Latin Modern Fonts
LaTeX Font Info:    Overwriting symbol font `operators' in version `normal'
(Font)                  OT1/cmr/m/n --> OT1/lmr/m/n on input line 22.
LaTeX Font Info:    Overwriting symbol font `letters' in version `normal'
(Font)                  OML/cmm/m/it --> OML/lmm/m/it on input line 23.
LaTeX Font Info:    Overwriting symbol font `symbols' in version `normal'
(Font)                  OMS/cmsy/m/n --> OMS/lmsy/m/n on input line 24.
LaTeX Font Info:    Overwriting symbol font `largesymbols' in version `normal'
(Font)                  OMX/cmex/m/n --> OMX/lmex/m/n on input line 25.
LaTeX Font Info:    Overwriting symbol font `operators' in version `bold'
(Font)                  OT1/cmr/bx/n --> OT1/lmr/bx/n on input line 26.
LaTeX Font Info:    Overwriting symbol font `letters' in version `bold'
(Font)                  OML/cmm/b/it --> OML/lmm/b/it on input line 27.
LaTeX Font Info:    Overwriting symbol font `symbols' in version `bold'
(Font)                  OMS/cmsy/b/n --> OMS/lmsy/b/n on input line 28.
LaTeX Font Info:    Overwriting symbol font `largesymbols' in version `bold'
(Font)                  OMX/cmex/m/n --> OMX/lmex/m/n on input line 29.
LaTeX Font Info:    Overwriting math alphabet `\mathbf' in version `normal'
(Font)                  OT1/cmr/bx/n --> OT1/lmr/bx/n on input line 31.
LaTeX Font Info:    Overwriting math alphabet `\mathsf' in version `normal'
(Font)                  OT1/cmss/m/n --> OT1/lmss/m/n on input line 32.
LaTeX Font Info:    Overwriting math alphabet `\mathit' in version `normal'
(Font)                  OT1/cmr/m/it --> OT1/lmr/m/it on input line 33.
LaTeX Font Info:    Overwriting math alphabet `\mathtt' in version `normal'
(Font)                  OT1/cmtt/m/n --> OT1/lmtt/m/n on input line 34.
LaTeX Font Info:    Overwriting math alphabet `\mathbf' in version `bold'
(Font)                  OT1/cmr/bx/n --> OT1/lmr/bx/n on input line 35.
LaTeX Font Info:    Overwriting math alphabet `\mathsf' in version `bold'
(Font)                  OT1/cmss/bx/n --> OT1/lmss/bx/n on input line 36.
LaTeX Font Info:    Overwriting math alphabet `\mathit' in version `bold'
(Font)                  OT1/cmr/bx/it --> OT1/lmr/bx/it on input line 37.
LaTeX Font Info:    Overwriting math alphabet `\mathtt' in version `bold'
(Font)                  OT1/cmtt/m/n --> OT1/lmtt/m/n on input line 38.
) (/Users/jeppefl/Library/TinyTeX/texmf-dist/tex/latex/upquote/upquote.sty
Package: upquote 2012/04/19 v1.3 upright-quote and grave-accent glyphs in verbatim
(/Users/jeppefl/Library/TinyTeX/texmf-dist/tex/latex/base/textcomp.sty
Package: textcomp 2024/04/24 v2.1b Standard LaTeX package
)) (/Users/jeppefl/Library/TinyTeX/texmf-dist/tex/latex/microtype/microtype.sty
Package: microtype 2024/03/29 v3.1b Micro-typographical refinements (RS)
(/Users/jeppefl/Library/TinyTeX/texmf-dist/tex/latex/graphics/keyval.sty
Package: keyval 2022/05/29 v1.15 key=value parser (DPC)
\KV@toks@=\toks22
) (/Users/jeppefl/Library/TinyTeX/texmf-dist/tex/latex/etoolbox/etoolbox.sty
Package: etoolbox 2020/10/05 v2.5k e-TeX tools for LaTeX (JAW)
\etb@tempcnta=\count294
)
\MT@toks=\toks23
\MT@tempbox=\box55
\MT@count=\count295
LaTeX Info: Redefining \noprotrusionifhmode on input line 1061.
LaTeX Info: Redefining \leftprotrusion on input line 1062.
\MT@prot@toks=\toks24
LaTeX Info: Redefining \rightprotrusion on input line 1081.
LaTeX Info: Redefining \textls on input line 1392.
\MT@outer@kern=\dimen154
LaTeX Info: Redefining \textmicrotypecontext on input line 2013.
\MT@listname@count=\count296
(/Users/jeppefl/Library/TinyTeX/texmf-dist/tex/latex/microtype/microtype-xetex.def
File: microtype-xetex.def 2024/03/29 v3.1b Definitions specific to xetex (RS)
LaTeX Info: Redefining \lsstyle on input line 238.
)
Package microtype Info: Loading configuration file microtype.cfg.
(/Users/jeppefl/Library/TinyTeX/texmf-dist/tex/latex/microtype/microtype.cfg
File: microtype.cfg 2024/03/29 v3.1b microtype main configuration file (RS)
)) (/Users/jeppefl/Library/TinyTeX/texmf-dist/tex/latex/parskip/parskip.sty
Package: parskip 2021-03-14 v2.0h non-zero parskip adjustments
(/Users/jeppefl/Library/TinyTeX/texmf-dist/tex/latex/kvoptions/kvoptions.sty
Package: kvoptions 2022-06-15 v3.15 Key value format for package options (HO)
(/Users/jeppefl/Library/TinyTeX/texmf-dist/tex/generic/ltxcmds/ltxcmds.sty
Package: ltxcmds 2023-12-04 v1.26 LaTeX kernel commands for general use (HO)
) (/Users/jeppefl/Library/TinyTeX/texmf-dist/tex/latex/kvsetkeys/kvsetkeys.sty
Package: kvsetkeys 2022-10-05 v1.19 Key value parser (HO)
))) (/Users/jeppefl/Library/TinyTeX/texmf-dist/tex/latex/xcolor/xcolor.sty
Package: xcolor 2023/11/15 v3.01 LaTeX color extensions (UK)
(/Users/jeppefl/Library/TinyTeX/texmf-dist/tex/latex/graphics-cfg/color.cfg
File: color.cfg 2016/01/02 v1.6 sample color configuration
)
Package xcolor Info: Driver file: xetex.def on input line 274.
(/Users/jeppefl/Library/TinyTeX/texmf-dist/tex/latex/graphics-def/xetex.def
File: xetex.def 2022/09/22 v5.0n Graphics/color driver for xetex
) (/Users/jeppefl/Library/TinyTeX/texmf-dist/tex/latex/graphics/mathcolor.ltx)
Package xcolor Info: Model `cmy' substituted by `cmy0' on input line 1350.
Package xcolor Info: Model `RGB' extended on input line 1366.
Package xcolor Info: Model `HTML' substituted by `rgb' on input line 1368.
Package xcolor Info: Model `Hsb' substituted by `hsb' on input line 1369.
Package xcolor Info: Model `tHsb' substituted by `hsb' on input line 1370.
Package xcolor Info: Model `HSB' substituted by `hsb' on input line 1371.
Package xcolor Info: Model `Gray' substituted by `gray' on input line 1372.
Package xcolor Info: Model `wave' substituted by `hsb' on input line 1373.
) (/Users/jeppefl/Library/TinyTeX/texmf-dist/tex/latex/tools/longtable.sty
Package: longtable 2024-04-26 v4.20 Multi-page Table package (DPC)
\LTleft=\skip54
\LTright=\skip55
\LTpre=\skip56
\LTpost=\skip57
\LTchunksize=\count297
\LTcapwidth=\dimen155
\LT@head=\box56
\LT@firsthead=\box57
\LT@foot=\box58
\LT@lastfoot=\box59
\LT@gbox=\box60
\LT@cols=\count298
\LT@rows=\count299
\c@LT@tables=\count300
\c@LT@chunks=\count301
\LT@p@ftn=\toks25
) (/Users/jeppefl/Library/TinyTeX/texmf-dist/tex/latex/booktabs/booktabs.sty
Package: booktabs 2020/01/12 v1.61803398 Publication quality tables
\heavyrulewidth=\dimen156
\lightrulewidth=\dimen157
\cmidrulewidth=\dimen158
\belowrulesep=\dimen159
\belowbottomsep=\dimen160
\aboverulesep=\dimen161
\abovetopsep=\dimen162
\cmidrulesep=\dimen163
\cmidrulekern=\dimen164
\defaultaddspace=\dimen165
\@cmidla=\count302
\@cmidlb=\count303
\@aboverulesep=\dimen166
\@belowrulesep=\dimen167
\@thisruleclass=\count304
\@lastruleclass=\count305
\@thisrulewidth=\dimen168
) (/Users/jeppefl/Library/TinyTeX/texmf-dist/tex/latex/tools/array.sty
Package: array 2024/06/14 v2.6d Tabular extension package (FMi)
\col@sep=\dimen169
\ar@mcellbox=\box61
\extrarowheight=\dimen170
\NC@list=\toks26
\extratabsurround=\skip58
\backup@length=\skip59
\ar@cellbox=\box62
) (/Users/jeppefl/Library/TinyTeX/texmf-dist/tex/latex/tools/calc.sty
Package: calc 2023/07/08 v4.3 Infix arithmetic (KKT,FJ)
\calc@Acount=\count306
\calc@Bcount=\count307
\calc@Adimen=\dimen171
\calc@Bdimen=\dimen172
\calc@Askip=\skip60
\calc@Bskip=\skip61
LaTeX Info: Redefining \setlength on input line 80.
LaTeX Info: Redefining \addtolength on input line 81.
\calc@Ccount=\count308
\calc@Cskip=\skip62
) (/Users/jeppefl/Library/TinyTeX/texmf-dist/tex/latex/mdwtools/footnote.sty
Package: footnote 1997/01/28 1.13 Save footnotes around boxes
\fn@notes=\box63
\fn@width=\dimen173
) (/Users/jeppefl/Library/TinyTeX/texmf-dist/tex/latex/graphics/graphicx.sty
Package: graphicx 2021/09/16 v1.2d Enhanced LaTeX Graphics (DPC,SPQR)
(/Users/jeppefl/Library/TinyTeX/texmf-dist/tex/latex/graphics/graphics.sty
Package: graphics 2024/05/23 v1.4g Standard LaTeX Graphics (DPC,SPQR)
(/Users/jeppefl/Library/TinyTeX/texmf-dist/tex/latex/graphics/trig.sty
Package: trig 2023/12/02 v1.11 sin cos tan (DPC)
) (/Users/jeppefl/Library/TinyTeX/texmf-dist/tex/latex/graphics-cfg/graphics.cfg
File: graphics.cfg 2016/06/04 v1.11 sample graphics configuration
)
Package graphics Info: Driver file: xetex.def on input line 106.
)
\Gin@req@height=\dimen174
\Gin@req@width=\dimen175
)
\cslhangindent=\skip63
\csllabelwidth=\skip64
(/Users/jeppefl/Library/TinyTeX/texmf-dist/tex/latex/amscls/amsthm.sty
Package: amsthm 2020/05/29 v2.20.6
\thm@style=\toks27
\thm@bodyfont=\toks28
\thm@headfont=\toks29
\thm@notefont=\toks30
\thm@headpunct=\toks31
\thm@preskip=\skip65
\thm@postskip=\skip66
\thm@headsep=\skip67
\dth@everypar=\toks32
) (/Users/jeppefl/Library/TinyTeX/texmf-dist/tex/latex/svg/svg.sty
Package: svg 2020/11/26 v2.02k (include SVG pictures)
(/Users/jeppefl/Library/TinyTeX/texmf-dist/tex/latex/koma-script/scrbase.sty
Package: scrbase 2023/07/07 v3.41 KOMA-Script package (KOMA-Script-independent basics and keyval usage)
(/Users/jeppefl/Library/TinyTeX/texmf-dist/tex/latex/koma-script/scrlfile.sty
Package: scrlfile 2023/07/07 v3.41 KOMA-Script package (file load hooks)
(/Users/jeppefl/Library/TinyTeX/texmf-dist/tex/latex/koma-script/scrlfile-hook.sty
Package: scrlfile-hook 2023/07/07 v3.41 KOMA-Script package (using LaTeX hooks)
(/Users/jeppefl/Library/TinyTeX/texmf-dist/tex/latex/koma-script/scrlogo.sty
Package: scrlogo 2023/07/07 v3.41 KOMA-Script package (logo)
)))
Applying: [2021/05/01] Usage of raw or classic option list on input line 252.
Already applied: [0000/00/00] Usage of raw or classic option list on input line 368.
) (/Users/jeppefl/Library/TinyTeX/texmf-dist/tex/generic/pdftexcmds/pdftexcmds.sty
Package: pdftexcmds 2020-06-27 v0.33 Utility functions of pdfTeX for LuaTeX (HO)
(/Users/jeppefl/Library/TinyTeX/texmf-dist/tex/generic/infwarerr/infwarerr.sty
Package: infwarerr 2019/12/03 v1.5 Providing info/warning/error messages (HO)
)
Package pdftexcmds Info: \pdf@primitive is available.
Package pdftexcmds Info: \pdf@ifprimitive is available.
Package pdftexcmds Info: \pdfdraftmode not found.
) (/Users/jeppefl/Library/TinyTeX/texmf-dist/tex/latex/trimspaces/trimspaces.sty
Package: trimspaces 2009/09/17 v1.1 Trim spaces around a token list
) (/Users/jeppefl/Library/TinyTeX/texmf-dist/tex/latex/tools/shellesc.sty
Package: shellesc 2023/07/08 v1.0d unified shell escape interface for LaTeX
Package shellesc Info: Unrestricted shell escape enabled on input line 75.
) (/Users/jeppefl/Library/TinyTeX/texmf-dist/tex/latex/ifplatform/ifplatform.sty
Package: ifplatform 2017/10/13 v0.4a Testing for the operating system
(/Users/jeppefl/Library/TinyTeX/texmf-dist/tex/generic/catchfile/catchfile.sty
Package: catchfile 2019/12/09 v1.8 Catch the contents of a file (HO)
(/Users/jeppefl/Library/TinyTeX/texmf-dist/tex/generic/etexcmds/etexcmds.sty
Package: etexcmds 2019/12/15 v1.7 Avoid name clashes with e-TeX commands (HO)
)) (/Users/jeppefl/Library/TinyTeX/texmf-dist/tex/generic/iftex/ifluatex.sty
Package: ifluatex 2019/10/25 v1.5 ifluatex legacy package. Use iftex instead.
)
runsystem(uname -s > "en-befolkning-blander-sig.w18")...executed.

(./en-befolkning-blander-sig.w18)
runsystem(rm -- "en-befolkning-blander-sig.w18")...executed.

)
\c@svg@param@lastpage=\count309
\svg@box=\box64
\c@svg@param@currpage=\count310
) (/Users/jeppefl/Library/TinyTeX/texmf-dist/tex/latex/transparent/transparent.sty
Package: transparent 2022-10-27 v1.5 Transparency with color stacks
(/Users/jeppefl/Library/TinyTeX/texmf-dist/tex/latex/transparent/transparent-nometadata.sty
Package: transparent-nometadata 2022-10-27 v1.5 Transparency via pdfTeX's color stack (HO)

Package transparent Warning: Loading aborted, because pdfTeX is not running in PDF mode.

)) (/Users/jeppefl/Library/TinyTeX/texmf-dist/tex/latex/pgf/systemlayer/pgfsys.sty (/Users/jeppefl/Library/TinyTeX/texmf-dist/tex/latex/pgf/utilities/pgfrcs.sty (/Users/jeppefl/Library/TinyTeX/texmf-dist/tex/generic/pgf/utilities/pgfutil-common.tex
\pgfutil@everybye=\toks33
\pgfutil@tempdima=\dimen176
\pgfutil@tempdimb=\dimen177
) (/Users/jeppefl/Library/TinyTeX/texmf-dist/tex/generic/pgf/utilities/pgfutil-latex.def
\pgfutil@abb=\box65
) (/Users/jeppefl/Library/TinyTeX/texmf-dist/tex/generic/pgf/utilities/pgfrcs.code.tex (/Users/jeppefl/Library/TinyTeX/texmf-dist/tex/generic/pgf/pgf.revision.tex)
Package: pgfrcs 2023-01-15 v3.1.10 (3.1.10)
)) (/Users/jeppefl/Library/TinyTeX/texmf-dist/tex/generic/pgf/systemlayer/pgfsys.code.tex
Package: pgfsys 2023-01-15 v3.1.10 (3.1.10)
(/Users/jeppefl/Library/TinyTeX/texmf-dist/tex/generic/pgf/utilities/pgfkeys.code.tex
\pgfkeys@pathtoks=\toks34
\pgfkeys@temptoks=\toks35
(/Users/jeppefl/Library/TinyTeX/texmf-dist/tex/generic/pgf/utilities/pgfkeyslibraryfiltered.code.tex
\pgfkeys@tmptoks=\toks36
))
\pgf@x=\dimen178
\pgf@y=\dimen179
\pgf@xa=\dimen180
\pgf@ya=\dimen181
\pgf@xb=\dimen182
\pgf@yb=\dimen183
\pgf@xc=\dimen184
\pgf@yc=\dimen185
\pgf@xd=\dimen186
\pgf@yd=\dimen187
\w@pgf@writea=\write3
\r@pgf@reada=\read2
\c@pgf@counta=\count311
\c@pgf@countb=\count312
\c@pgf@countc=\count313
\c@pgf@countd=\count314
\t@pgf@toka=\toks37
\t@pgf@tokb=\toks38
\t@pgf@tokc=\toks39
\pgf@sys@id@count=\count315
(/Users/jeppefl/Library/TinyTeX/texmf-dist/tex/generic/pgf/systemlayer/pgf.cfg
File: pgf.cfg 2023-01-15 v3.1.10 (3.1.10)
)
Driver file for pgf: pgfsys-xetex.def
(/Users/jeppefl/Library/TinyTeX/texmf-dist/tex/generic/pgf/systemlayer/pgfsys-xetex.def
File: pgfsys-xetex.def 2023-01-15 v3.1.10 (3.1.10)
(/Users/jeppefl/Library/TinyTeX/texmf-dist/tex/generic/pgf/systemlayer/pgfsys-dvipdfmx.def
File: pgfsys-dvipdfmx.def 2023-01-15 v3.1.10 (3.1.10)
(/Users/jeppefl/Library/TinyTeX/texmf-dist/tex/generic/pgf/systemlayer/pgfsys-common-pdf.def
File: pgfsys-common-pdf.def 2023-01-15 v3.1.10 (3.1.10)
)
\pgfsys@objnum=\count316
))) (/Users/jeppefl/Library/TinyTeX/texmf-dist/tex/generic/pgf/systemlayer/pgfsyssoftpath.code.tex
File: pgfsyssoftpath.code.tex 2023-01-15 v3.1.10 (3.1.10)
\pgfsyssoftpath@smallbuffer@items=\count317
\pgfsyssoftpath@bigbuffer@items=\count318
) (/Users/jeppefl/Library/TinyTeX/texmf-dist/tex/generic/pgf/systemlayer/pgfsysprotocol.code.tex
File: pgfsysprotocol.code.tex 2023-01-15 v3.1.10 (3.1.10)
)) (/Users/jeppefl/Library/TinyTeX/texmf-dist/tex/generic/babel/babel.sty
Package: babel 2024/06/02 v24.6 The Babel package
\babel@savecnt=\count319
\U@D=\dimen188
\l@unhyphenated=\language8
(/Users/jeppefl/Library/TinyTeX/texmf-dist/tex/generic/babel/xebabel.def)
\bbl@readstream=\read3
\bbl@dirlevel=\count320
(/Users/jeppefl/Library/TinyTeX/texmf-dist/tex/generic/babel-english/english.ldf
Language: english 2017/06/06 v3.3r English support from the babel system
Package babel Info: Hyphen rules for 'canadian' set to \l@english
(babel)             (\language0). Reported on input line 102.
Package babel Info: Hyphen rules for 'australian' set to \l@ukenglish
(babel)             (\language5). Reported on input line 105.
Package babel Info: Hyphen rules for 'newzealand' set to \l@ukenglish
(babel)             (\language5). Reported on input line 108.
)) (/Users/jeppefl/Library/TinyTeX/texmf-dist/tex/generic/babel/locale/en/babel-english.tex
Package babel Info: Importing font and identification data for english
(babel)             from babel-en.ini. Reported on input line 11.
) (/Users/jeppefl/Library/TinyTeX/texmf-dist/tex/latex/fancyhdr/fancyhdr.sty
Package: fancyhdr 2024/04/23 v4.2 Extensive control of page headers and footers
\f@nch@headwidth=\skip68
\f@nch@O@elh=\skip69
\f@nch@O@erh=\skip70
\f@nch@O@olh=\skip71
\f@nch@O@orh=\skip72
\f@nch@O@elf=\skip73
\f@nch@O@erf=\skip74
\f@nch@O@olf=\skip75
\f@nch@O@orf=\skip76
) (/Users/jeppefl/Library/TinyTeX/texmf-dist/tex/latex/base/flafter.sty
Package: flafter 2021/07/31 v1.4e Standard LaTeX floats after reference (FMi)
Applying: [2015/01/01] float order in 2-column on input line 49.
Already applied: [0000/00/00] float order in 2-column on input line 151.
) (/Users/jeppefl/Library/TinyTeX/texmf-dist/tex/latex/caption/caption.sty
Package: caption 2023/08/05 v3.6o Customizing captions (AR)
(/Users/jeppefl/Library/TinyTeX/texmf-dist/tex/latex/caption/caption3.sty
Package: caption3 2023/07/31 v2.4d caption3 kernel (AR)
\caption@tempdima=\dimen189
\captionmargin=\dimen190
\caption@leftmargin=\dimen191
\caption@rightmargin=\dimen192
\caption@width=\dimen193
\caption@indent=\dimen194
\caption@parindent=\dimen195
\caption@hangindent=\dimen196
Package caption Info: Standard document class detected.
)
\c@caption@flags=\count321
\c@continuedfloat=\count322
Package caption Info: longtable package is loaded.
(/Users/jeppefl/Library/TinyTeX/texmf-dist/tex/latex/caption/ltcaption.sty
Package: ltcaption 2021/01/08 v1.4c longtable captions (AR)
)) (/Users/jeppefl/Library/TinyTeX/texmf-dist/tex/latex/colortbl/colortbl.sty
Package: colortbl 2024/05/26 v1.0h Color table columns (DPC)
\everycr=\toks40
\minrowclearance=\skip77
\rownum=\count323
) (/Users/jeppefl/Library/TinyTeX/texmf-dist/tex/latex/bookmark/bookmark.sty
Package: bookmark 2023-12-10 v1.31 PDF bookmarks (HO)
(/Users/jeppefl/Library/TinyTeX/texmf-dist/tex/latex/hyperref/hyperref.sty
Package: hyperref 2024-05-23 v7.01i Hypertext links for LaTeX
(/Users/jeppefl/Library/TinyTeX/texmf-dist/tex/generic/kvdefinekeys/kvdefinekeys.sty
Package: kvdefinekeys 2019-12-19 v1.6 Define keys (HO)
) (/Users/jeppefl/Library/TinyTeX/texmf-dist/tex/generic/pdfescape/pdfescape.sty
Package: pdfescape 2019/12/09 v1.15 Implements pdfTeX's escape features (HO)
) (/Users/jeppefl/Library/TinyTeX/texmf-dist/tex/latex/hycolor/hycolor.sty
Package: hycolor 2020-01-27 v1.10 Color options for hyperref/bookmark (HO)
) (/Users/jeppefl/Library/TinyTeX/texmf-dist/tex/latex/hyperref/nameref.sty
Package: nameref 2023-11-26 v2.56 Cross-referencing by name of section
(/Users/jeppefl/Library/TinyTeX/texmf-dist/tex/latex/refcount/refcount.sty
Package: refcount 2019/12/15 v3.6 Data extraction from label references (HO)
) (/Users/jeppefl/Library/TinyTeX/texmf-dist/tex/generic/gettitlestring/gettitlestring.sty
Package: gettitlestring 2019/12/15 v1.6 Cleanup title references (HO)
)
\c@section@level=\count324
) (/Users/jeppefl/Library/TinyTeX/texmf-dist/tex/generic/stringenc/stringenc.sty
Package: stringenc 2019/11/29 v1.12 Convert strings between diff. encodings (HO)
)
\@linkdim=\dimen197
\Hy@linkcounter=\count325
\Hy@pagecounter=\count326
(/Users/jeppefl/Library/TinyTeX/texmf-dist/tex/latex/hyperref/pd1enc.def
File: pd1enc.def 2024-05-23 v7.01i Hyperref: PDFDocEncoding definition (HO)
) (/Users/jeppefl/Library/TinyTeX/texmf-dist/tex/generic/intcalc/intcalc.sty
Package: intcalc 2019/12/15 v1.3 Expandable calculations with integers (HO)
)
\Hy@SavedSpaceFactor=\count327
(/Users/jeppefl/Library/TinyTeX/texmf-dist/tex/latex/hyperref/puenc.def
File: puenc.def 2024-05-23 v7.01i Hyperref: PDF Unicode definition (HO)
)
Package hyperref Info: Option `unicode' set `true' on input line 4040.
Package hyperref Info: Hyper figures OFF on input line 4157.
Package hyperref Info: Link nesting OFF on input line 4162.
Package hyperref Info: Hyper index ON on input line 4165.
Package hyperref Info: Plain pages OFF on input line 4172.
Package hyperref Info: Backreferencing OFF on input line 4177.
Package hyperref Info: Implicit mode ON; LaTeX internals redefined.
Package hyperref Info: Bookmarks ON on input line 4424.
\c@Hy@tempcnt=\count328
(/Users/jeppefl/Library/TinyTeX/texmf-dist/tex/latex/url/url.sty
\Urlmuskip=\muskip19
Package: url 2013/09/16  ver 3.4  Verb mode for urls, etc.
)
LaTeX Info: Redefining \url on input line 4763.
\XeTeXLinkMargin=\dimen198
(/Users/jeppefl/Library/TinyTeX/texmf-dist/tex/generic/bitset/bitset.sty
Package: bitset 2019/12/09 v1.3 Handle bit-vector datatype (HO)
(/Users/jeppefl/Library/TinyTeX/texmf-dist/tex/generic/bigintcalc/bigintcalc.sty
Package: bigintcalc 2019/12/15 v1.5 Expandable calculations on big integers (HO)
))
\Fld@menulength=\count329
\Field@Width=\dimen199
\Fld@charsize=\dimen256
Package hyperref Info: Hyper figures OFF on input line 6042.
Package hyperref Info: Link nesting OFF on input line 6047.
Package hyperref Info: Hyper index ON on input line 6050.
Package hyperref Info: backreferencing OFF on input line 6057.
Package hyperref Info: Link coloring OFF on input line 6062.
Package hyperref Info: Link coloring with OCG OFF on input line 6067.
Package hyperref Info: PDF/A mode OFF on input line 6072.
(/Users/jeppefl/Library/TinyTeX/texmf-dist/tex/latex/base/atbegshi-ltx.sty
Package: atbegshi-ltx 2021/01/10 v1.0c Emulation of the original atbegshi
package with kernel methods
)
\Hy@abspage=\count330
\c@Item=\count331
\c@Hfootnote=\count332
)
Package hyperref Info: Driver (autodetected): hxetex.
(/Users/jeppefl/Library/TinyTeX/texmf-dist/tex/latex/hyperref/hxetex.def
File: hxetex.def 2024-05-23 v7.01i Hyperref driver for XeTeX
\pdfm@box=\box66
\c@Hy@AnnotLevel=\count333
\HyField@AnnotCount=\count334
\Fld@listcount=\count335
\c@bookmark@seq@number=\count336
(/Users/jeppefl/Library/TinyTeX/texmf-dist/tex/latex/rerunfilecheck/rerunfilecheck.sty
Package: rerunfilecheck 2022-07-10 v1.10 Rerun checks for auxiliary files (HO)
(/Users/jeppefl/Library/TinyTeX/texmf-dist/tex/latex/base/atveryend-ltx.sty
Package: atveryend-ltx 2020/08/19 v1.0a Emulation of the original atveryend package
with kernel methods
) (/Users/jeppefl/Library/TinyTeX/texmf-dist/tex/generic/uniquecounter/uniquecounter.sty
Package: uniquecounter 2019/12/15 v1.4 Provide unlimited unique counter (HO)
)
Package uniquecounter Info: New unique counter `rerunfilecheck' on input line 285.
)
\Hy@SectionHShift=\skip78
) (/Users/jeppefl/Library/TinyTeX/texmf-dist/tex/latex/bookmark/bkm-dvipdfm.def
File: bkm-dvipdfm.def 2023-12-10 v1.31 bookmark driver for dvipdfm (HO)
\BKM@id=\count337
)) (./en-befolkning-blander-sig.aux)
\openout1 = `en-befolkning-blander-sig.aux'.

LaTeX Font Info:    Checking defaults for OML/cmm/m/it on input line 143.
LaTeX Font Info:    ... okay on input line 143.
LaTeX Font Info:    Checking defaults for OMS/cmsy/m/n on input line 143.
LaTeX Font Info:    ... okay on input line 143.
LaTeX Font Info:    Checking defaults for OT1/cmr/m/n on input line 143.
LaTeX Font Info:    ... okay on input line 143.
LaTeX Font Info:    Checking defaults for T1/cmr/m/n on input line 143.
LaTeX Font Info:    ... okay on input line 143.
LaTeX Font Info:    Checking defaults for TS1/cmr/m/n on input line 143.
LaTeX Font Info:    ... okay on input line 143.
LaTeX Font Info:    Checking defaults for TU/lmr/m/n on input line 143.
LaTeX Font Info:    ... okay on input line 143.
LaTeX Font Info:    Checking defaults for OMX/cmex/m/n on input line 143.
LaTeX Font Info:    ... okay on input line 143.
LaTeX Font Info:    Checking defaults for U/cmr/m/n on input line 143.
LaTeX Font Info:    ... okay on input line 143.
LaTeX Font Info:    Checking defaults for PD1/pdf/m/n on input line 143.
LaTeX Font Info:    ... okay on input line 143.
LaTeX Font Info:    Checking defaults for PU/pdf/m/n on input line 143.
LaTeX Font Info:    ... okay on input line 143.
LaTeX Font Info:    Overwriting math alphabet `\mathrm' in version `normal'
(Font)                  OT1/lmr/m/n --> TU/lmr/m/n on input line 143.
LaTeX Font Info:    Overwriting math alphabet `\mathit' in version `normal'
(Font)                  OT1/lmr/m/it --> TU/lmr/m/it on input line 143.
LaTeX Font Info:    Overwriting math alphabet `\mathbf' in version `normal'
(Font)                  OT1/lmr/bx/n --> TU/lmr/bx/n on input line 143.
LaTeX Font Info:    Overwriting math alphabet `\mathsf' in version `normal'
(Font)                  OT1/lmss/m/n --> TU/lmss/m/n on input line 143.
LaTeX Font Info:    Overwriting math alphabet `\mathsf' in version `bold'
(Font)                  OT1/lmss/bx/n --> TU/lmss/bx/n on input line 143.
LaTeX Font Info:    Overwriting math alphabet `\mathtt' in version `normal'
(Font)                  OT1/lmtt/m/n --> TU/lmtt/m/n on input line 143.
LaTeX Font Info:    Overwriting math alphabet `\mathtt' in version `bold'
(Font)                  OT1/lmtt/m/n --> TU/lmtt/bx/n on input line 143.

Package fontspec Info: 
(fontspec)             latinmodern-math scale = 0.9999964596882403.


Package fontspec Info: 
(fontspec)             latinmodern-math scale = 0.9999964596882403.


Package fontspec Info: 
(fontspec)             latinmodern-math scale = 0.9999964596882403.


Package fontspec Info: 
(fontspec)             Font family 'latinmodern-math.otf(0)' created for font
(fontspec)             'latinmodern-math.otf' with options
(fontspec)             [Scale=MatchLowercase,BoldItalicFont={},ItalicFont={},SmallCapsFont={},Script=Math,BoldFont={latinmodern-math.otf}].
(fontspec)              
(fontspec)              This font family consists of the following NFSS
(fontspec)             series/shapes:
(fontspec)              
(fontspec)             - 'normal' (m/n) with NFSS spec.:
(fontspec)             <->s*[0.9999964596882403]"[latinmodern-math.otf]/OT:script=math;language=dflt;"
(fontspec)             - 'bold' (b/n) with NFSS spec.:
(fontspec)             <->s*[0.9999964596882403]"[latinmodern-math.otf]/OT:script=math;language=dflt;"

LaTeX Font Info:    Font shape `TU/latinmodern-math.otf(0)/m/n' will be
(Font)              scaled to size 10.0pt on input line 143.

Package fontspec Info: 
(fontspec)             latinmodern-math scale = 0.9999964596882403.


Package fontspec Info: 
(fontspec)             latinmodern-math scale = 0.9999964596882403.


Package fontspec Info: 
(fontspec)             latinmodern-math scale = 0.9999964596882403.


Package fontspec Info: 
(fontspec)             latinmodern-math scale = 0.9999964596882403.


Package fontspec Info: 
(fontspec)             latinmodern-math scale = 0.9999964596882403.


Package fontspec Info: 
(fontspec)             Font family 'latinmodern-math.otf(1)' created for font
(fontspec)             'latinmodern-math.otf' with options
(fontspec)             [Scale=MatchLowercase,BoldItalicFont={},ItalicFont={},SmallCapsFont={},Script=Math,SizeFeatures={{Size=8.5-},{Size=6-8.5,Font=latinmodern-math.otf,Style=MathScript},{Size=-6,Font=latinmodern-math.otf,Style=MathScriptScript}},BoldFont={latinmodern-math.otf}].
(fontspec)              
(fontspec)              This font family consists of the following NFSS
(fontspec)             series/shapes:
(fontspec)              
(fontspec)             - 'normal' (m/n) with NFSS spec.:
(fontspec)             <8.5->s*[0.9999964596882403]"[latinmodern-math.otf]/OT:script=math;language=dflt;"<6-8.5>s*[0.9999964596882403]"[latinmodern-math.otf]/OT:script=math;language=dflt;+ssty=0;"<-6>s*[0.9999964596882403]"[latinmodern-math.otf]/OT:script=math;language=dflt;+ssty=1;"
(fontspec)             - 'bold' (b/n) with NFSS spec.:
(fontspec)             <->s*[0.9999964596882403]"[latinmodern-math.otf]/OT:script=math;language=dflt;"

LaTeX Font Info:    Font shape `TU/latinmodern-math.otf(1)/m/n' will be
(Font)              scaled to size 10.0pt on input line 143.
LaTeX Font Info:    Encoding `OT1' has changed to `TU' for symbol font
(Font)              `operators' in the math version `normal' on input line 143.
LaTeX Font Info:    Overwriting symbol font `operators' in version `normal'
(Font)                  OT1/lmr/m/n --> TU/latinmodern-math.otf(1)/m/n on input line 143.
LaTeX Font Info:    Encoding `OT1' has changed to `TU' for symbol font
(Font)              `operators' in the math version `bold' on input line 143.
LaTeX Font Info:    Overwriting symbol font `operators' in version `bold'
(Font)                  OT1/lmr/bx/n --> TU/latinmodern-math.otf(1)/b/n on input line 143.

Package fontspec Info: 
(fontspec)             latinmodern-math scale = 0.9999964596882403.


Package fontspec Info: 
(fontspec)             latinmodern-math scale = 1.000096459334209.


Package fontspec Info: 
(fontspec)             latinmodern-math scale = 0.9999964596882403.


Package fontspec Info: 
(fontspec)             latinmodern-math scale = 1.000096459334209.


Package fontspec Info: 
(fontspec)             latinmodern-math scale = 0.9999964596882403.


Package fontspec Info: 
(fontspec)             latinmodern-math scale = 1.000096459334209.


Package fontspec Info: 
(fontspec)             latinmodern-math scale = 0.9999964596882403.


Package fontspec Info: 
(fontspec)             latinmodern-math scale = 1.000096459334209.


Package fontspec Info: 
(fontspec)             latinmodern-math scale = 0.9999964596882403.


Package fontspec Info: 
(fontspec)             latinmodern-math scale = 1.000096459334209.


Package fontspec Info: 
(fontspec)             Font family 'latinmodern-math.otf(2)' created for font
(fontspec)             'latinmodern-math.otf' with options
(fontspec)             [Scale=MatchLowercase,BoldItalicFont={},ItalicFont={},SmallCapsFont={},Script=Math,SizeFeatures={{Size=8.5-},{Size=6-8.5,Font=latinmodern-math.otf,Style=MathScript},{Size=-6,Font=latinmodern-math.otf,Style=MathScriptScript}},BoldFont={latinmodern-math.otf},ScaleAgain=1.0001,FontAdjustment={\fontdimen
(fontspec)             8\font =6.77pt\relax \fontdimen 9\font =3.94pt\relax
(fontspec)             \fontdimen 10\font =4.44pt\relax \fontdimen 11\font
(fontspec)             =6.86pt\relax \fontdimen 12\font =3.45pt\relax
(fontspec)             \fontdimen 13\font =3.63pt\relax \fontdimen 14\font
(fontspec)             =3.63pt\relax \fontdimen 15\font =2.89pt\relax
(fontspec)             \fontdimen 16\font =2.47pt\relax \fontdimen 17\font
(fontspec)             =2.47pt\relax \fontdimen 18\font =2.5pt\relax
(fontspec)             \fontdimen 19\font =2.0pt\relax \fontdimen 22\font
(fontspec)             =2.5pt\relax \fontdimen 20\font =0pt\relax \fontdimen
(fontspec)             21\font =0pt\relax }].
(fontspec)              
(fontspec)              This font family consists of the following NFSS
(fontspec)             series/shapes:
(fontspec)              
(fontspec)             - 'normal' (m/n) with NFSS spec.:
(fontspec)             <8.5->s*[1.000096459334209]"[latinmodern-math.otf]/OT:script=math;language=dflt;"<6-8.5>s*[1.000096459334209]"[latinmodern-math.otf]/OT:script=math;language=dflt;+ssty=0;"<-6>s*[1.000096459334209]"[latinmodern-math.otf]/OT:script=math;language=dflt;+ssty=1;"
(fontspec)             - 'bold' (b/n) with NFSS spec.:
(fontspec)             <->s*[1.000096459334209]"[latinmodern-math.otf]/OT:script=math;language=dflt;"

LaTeX Font Info:    Encoding `OMS' has changed to `TU' for symbol font
(Font)              `symbols' in the math version `normal' on input line 143.
LaTeX Font Info:    Overwriting symbol font `symbols' in version `normal'
(Font)                  OMS/lmsy/m/n --> TU/latinmodern-math.otf(2)/m/n on input line 143.
LaTeX Font Info:    Encoding `OMS' has changed to `TU' for symbol font
(Font)              `symbols' in the math version `bold' on input line 143.
LaTeX Font Info:    Overwriting symbol font `symbols' in version `bold'
(Font)                  OMS/lmsy/b/n --> TU/latinmodern-math.otf(2)/b/n on input line 143.

Package fontspec Info: 
(fontspec)             latinmodern-math scale = 0.9999964596882403.


Package fontspec Info: 
(fontspec)             latinmodern-math scale = 0.9998964600422715.


Package fontspec Info: 
(fontspec)             latinmodern-math scale = 0.9999964596882403.


Package fontspec Info: 
(fontspec)             latinmodern-math scale = 0.9998964600422715.


Package fontspec Info: 
(fontspec)             latinmodern-math scale = 0.9999964596882403.


Package fontspec Info: 
(fontspec)             latinmodern-math scale = 0.9998964600422715.


Package fontspec Info: 
(fontspec)             latinmodern-math scale = 0.9999964596882403.


Package fontspec Info: 
(fontspec)             latinmodern-math scale = 0.9998964600422715.


Package fontspec Info: 
(fontspec)             latinmodern-math scale = 0.9999964596882403.


Package fontspec Info: 
(fontspec)             latinmodern-math scale = 0.9998964600422715.


Package fontspec Info: 
(fontspec)             Font family 'latinmodern-math.otf(3)' created for font
(fontspec)             'latinmodern-math.otf' with options
(fontspec)             [Scale=MatchLowercase,BoldItalicFont={},ItalicFont={},SmallCapsFont={},Script=Math,SizeFeatures={{Size=8.5-},{Size=6-8.5,Font=latinmodern-math.otf,Style=MathScript},{Size=-6,Font=latinmodern-math.otf,Style=MathScriptScript}},BoldFont={latinmodern-math.otf},ScaleAgain=0.9999,FontAdjustment={\fontdimen
(fontspec)             8\font =0.4pt\relax \fontdimen 9\font =2.0pt\relax
(fontspec)             \fontdimen 10\font =1.67pt\relax \fontdimen 11\font
(fontspec)             =1.11pt\relax \fontdimen 12\font =6.0pt\relax
(fontspec)             \fontdimen 13\font =0pt\relax }].
(fontspec)              
(fontspec)              This font family consists of the following NFSS
(fontspec)             series/shapes:
(fontspec)              
(fontspec)             - 'normal' (m/n) with NFSS spec.:
(fontspec)             <8.5->s*[0.9998964600422715]"[latinmodern-math.otf]/OT:script=math;language=dflt;"<6-8.5>s*[0.9998964600422715]"[latinmodern-math.otf]/OT:script=math;language=dflt;+ssty=0;"<-6>s*[0.9998964600422715]"[latinmodern-math.otf]/OT:script=math;language=dflt;+ssty=1;"
(fontspec)             - 'bold' (b/n) with NFSS spec.:
(fontspec)             <->s*[0.9998964600422715]"[latinmodern-math.otf]/OT:script=math;language=dflt;"

LaTeX Font Info:    Encoding `OMX' has changed to `TU' for symbol font
(Font)              `largesymbols' in the math version `normal' on input line 143.
LaTeX Font Info:    Overwriting symbol font `largesymbols' in version `normal'
(Font)                  OMX/lmex/m/n --> TU/latinmodern-math.otf(3)/m/n on input line 143.
LaTeX Font Info:    Encoding `OMX' has changed to `TU' for symbol font
(Font)              `largesymbols' in the math version `bold' on input line 143.
LaTeX Font Info:    Overwriting symbol font `largesymbols' in version `bold'
(Font)                  OMX/lmex/m/n --> TU/latinmodern-math.otf(3)/b/n on input line 143.
LaTeX Info: Redefining \microtypecontext on input line 143.
Package microtype Info: Applying patch `item' on input line 143.
Package microtype Info: Applying patch `toc' on input line 143.
Package microtype Info: Applying patch `eqnum' on input line 143.
Package microtype Info: Applying patch `footnote' on input line 143.
Package microtype Info: Applying patch `verbatim' on input line 143.
Package microtype Info: Character protrusion enabled (level 2).
Package microtype Info: Using protrusion set `basicmath'.
Package microtype Info: No adjustment of tracking.
Package microtype Info: No adjustment of spacing.
Package microtype Info: No adjustment of kerning.
(/Users/jeppefl/Library/TinyTeX/texmf-dist/tex/latex/microtype/mt-LatinModernRoman.cfg
File: mt-LatinModernRoman.cfg 2021/02/21 v1.1 microtype config. file: Latin Modern Roman (RS)
)
Package caption Info: Begin \AtBeginDocument code.
Package caption Info: hyperref package is loaded.
Package caption Info: End \AtBeginDocument code.
Package hyperref Info: Link coloring OFF on input line 143.
LaTeX Font Info:    Font shape `TU/latinmodern-math.otf(1)/m/n' will be
(Font)              scaled to size 12.0pt on input line 145.
LaTeX Font Info:    Font shape `TU/latinmodern-math.otf(1)/m/n' will be
(Font)              scaled to size 8.0pt on input line 145.
LaTeX Font Info:    Font shape `TU/latinmodern-math.otf(1)/m/n' will be
(Font)              scaled to size 6.0pt on input line 145.
LaTeX Font Info:    Trying to load font information for OML+lmm on input line 145.
(/Users/jeppefl/Library/TinyTeX/texmf-dist/tex/latex/lm/omllmm.fd
File: omllmm.fd 2015/05/01 v1.6.1 Font defs for Latin Modern
)
LaTeX Font Info:    Font shape `TU/latinmodern-math.otf(2)/m/n' will be
(Font)              scaled to size 12.0011pt on input line 145.
LaTeX Font Info:    Font shape `TU/latinmodern-math.otf(2)/m/n' will be
(Font)              scaled to size 8.00073pt on input line 145.
LaTeX Font Info:    Font shape `TU/latinmodern-math.otf(2)/m/n' will be
(Font)              scaled to size 6.00055pt on input line 145.
LaTeX Font Info:    Font shape `TU/latinmodern-math.otf(3)/m/n' will be
(Font)              scaled to size 11.99872pt on input line 145.
LaTeX Font Info:    Font shape `TU/latinmodern-math.otf(3)/m/n' will be
(Font)              scaled to size 7.99915pt on input line 145.
LaTeX Font Info:    Font shape `TU/latinmodern-math.otf(3)/m/n' will be
(Font)              scaled to size 5.99936pt on input line 145.
LaTeX Font Info:    Trying to load font information for U+msa on input line 145.
(/Users/jeppefl/Library/TinyTeX/texmf-dist/tex/latex/amsfonts/umsa.fd
File: umsa.fd 2013/01/14 v3.01 AMS symbols A
) (/Users/jeppefl/Library/TinyTeX/texmf-dist/tex/latex/microtype/mt-msa.cfg
File: mt-msa.cfg 2006/02/04 v1.1 microtype config. file: AMS symbols (a) (RS)
)
LaTeX Font Info:    Trying to load font information for U+msb on input line 145.
(/Users/jeppefl/Library/TinyTeX/texmf-dist/tex/latex/amsfonts/umsb.fd
File: umsb.fd 2013/01/14 v3.01 AMS symbols B
) (/Users/jeppefl/Library/TinyTeX/texmf-dist/tex/latex/microtype/mt-msb.cfg
File: mt-msb.cfg 2005/06/01 v1.0 microtype config. file: AMS symbols (b) (RS)
)
Overfull \hbox (226.69203pt too wide) in paragraph at lines 145--145
 [][] 
 []



[1


]

[2

] (./en-befolkning-blander-sig.toc
LaTeX Font Info:    Font shape `TU/latinmodern-math.otf(1)/m/n' will be
(Font)              scaled to size 7.0pt on input line 4.
LaTeX Font Info:    Font shape `TU/latinmodern-math.otf(1)/m/n' will be
(Font)              scaled to size 5.0pt on input line 4.
LaTeX Font Info:    Font shape `TU/latinmodern-math.otf(2)/m/n' will be
(Font)              scaled to size 10.00092pt on input line 4.
LaTeX Font Info:    Font shape `TU/latinmodern-math.otf(2)/m/n' will be
(Font)              scaled to size 7.00064pt on input line 4.
LaTeX Font Info:    Font shape `TU/latinmodern-math.otf(2)/m/n' will be
(Font)              scaled to size 5.00046pt on input line 4.
LaTeX Font Info:    Font shape `TU/latinmodern-math.otf(3)/m/n' will be
(Font)              scaled to size 9.99893pt on input line 4.
LaTeX Font Info:    Font shape `TU/latinmodern-math.otf(3)/m/n' will be
(Font)              scaled to size 6.99925pt on input line 4.
LaTeX Font Info:    Font shape `TU/latinmodern-math.otf(3)/m/n' will be
(Font)              scaled to size 4.99947pt on input line 4.


[3])
\tf@toc=\write4
\openout4 = `en-befolkning-blander-sig.toc'.



[4]
Underfull \hbox (badness 1902) in paragraph at lines 157--158
\TU/lmr/m/n/10 Ph.D-afhandling om indvandrere og efterkommeres deltagelse i frivillige
 []


Underfull \hbox (badness 10000) in paragraph at lines 165--168

 []



[5

]

[6]
Kapitel 1.
File: images/dalle-smeltedige.png Graphic file (type bmp)
<images/dalle-smeltedige.png>


[7

]

[8]

[9]
Underfull \hbox (badness 1874) in paragraph at lines 206--207
[]\TU/lmr/m/n/10 Vores perspektiv er, at integration/assimilation som hovedregel \TU/lmr/m/it/10 ikke \TU/lmr/m/n/10 er
 []


Underfull \hbox (badness 1939) in paragraph at lines 210--210
[]\TU/lmr/bx/n/14.4 Drivkraften mod sine egne og tvungne
 []



[10]
File: en-befolkning-blander-sig_files/figure-latex/fig-1-1-1.pdf Graphic file (type pdf)
<use en-befolkning-blander-sig_files/figure-latex/fig-1-1-1.pdf>



Overfull \hbox (0.85342pt too wide) has occurred while \output is active
\TU/lmr/m/sl/10 1.2.  DRIVKRAFTEN MOD SINE EGNE OG TVUNGNE MØDEPLADSER \TU/lmr/m/n/10 11
 []

[11]

[12]
Underfull \vbox (badness 1331) has occurred while \output is active []




Overfull \hbox (147.81905pt too wide) has occurred while \output is active
\TU/lmr/m/sl/10 1.3.  DET MENNESKELIGE MØDE OG DETS EFFEKT PÅ BETYDNING AF ETNISKE DISTINKTIONER \TU/lmr/m/n/10 13
 []

[13]

[14]

LaTeX Warning: Reference `fig:fig-1-2' on page 15 undefined on input line 246.




Overfull \hbox (111.34343pt too wide) has occurred while \output is active
\TU/lmr/m/sl/10 1.4.  BETYDNINGEN AF STØRRELSESFORHOLDENE MELLEM MAJORITET OG MINORITET \TU/lmr/m/n/10 15
 []

[15]
File: en-befolkning-blander-sig_files/figure-latex/fig-1-22-1.pdf Graphic file (type pdf)
<use en-befolkning-blander-sig_files/figure-latex/fig-1-22-1.pdf>

Underfull \hbox (badness 1484) in paragraph at lines 252--253
\TU/lmr/m/n/10 fremhæver også, at post-moderne økonomier skaber en segmentering af
 []



[16]

[17]

[18]

[19]

[20

]
Kapitel 2.
File: images/dalle-wedding.png Graphic file (type bmp)
<images/dalle-wedding.png>


[21]

[22]
File: images/figur_intergruppepartnerskaber_alle.png Graphic file (type bmp)
<images/figur_intergruppepartnerskaber_alle.png>


[23]
File: images/figur_intergruppepartnerskaber_2020.png Graphic file (type bmp)
<images/figur_intergruppepartnerskaber_2020.png>


[24]


Overfull \hbox (16.12454pt too wide) has occurred while \output is active
\TU/lmr/m/sl/10 2.3.  FORKLARINGER PÅ MØNSTRE I TVÆRETNISKE PARTNERSKABER \TU/lmr/m/n/10 25
 []

[25]

[26]

[27]

[28

]
Kapitel 3.
File: images/dalle-wedding.png Graphic file (type bmp)
<images/dalle-wedding.png>


[29]

[30]

LaTeX Warning: Reference `tab:tab-3-1' on page 31 undefined on input line 358.


Overfull \hbox (92.48003pt too wide) in alignment at lines 360--375
 [] [] [] [] 
 []



[31]

LaTeX Warning: Reference `tab:tab-3-2' on page 32 undefined on input line 379.


LaTeX Warning: Reference `tab:tab-3-2' on page 32 undefined on input line 379.


Overfull \hbox (64.5pt too wide) in paragraph at lines 387--387
[]\TU/lmtt/m/n/10 ## Warning in prettyNum(r, big.mark = big.mark, big.interval = big.interval, :[] 
 []


Overfull \hbox (27.75pt too wide) in paragraph at lines 387--387
[]\TU/lmtt/m/n/10 ## []big.mark[] and []decimal.mark[] are both [].[], which could be confusing[] 
 []


Overfull \hbox (64.5pt too wide) in paragraph at lines 387--387
[]\TU/lmtt/m/n/10 ## Warning in prettyNum(r, big.mark = big.mark, big.interval = big.interval, :[] 
 []


Overfull \hbox (27.75pt too wide) in paragraph at lines 387--387
[]\TU/lmtt/m/n/10 ## []big.mark[] and []decimal.mark[] are both [].[], which could be confusing[] 
 []


LaTeX Warning: Reference `fig:fig-1-2' on page 32 undefined on input line 407.



[32]
File: images/figur_3_1.png Graphic file (type bmp)
<images/figur_3_1.png>

LaTeX Warning: Reference `tab:tab-3-3' on page 33 undefined on input line 421.



[33]
Underfull \hbox (badness 7540) in paragraph at lines 447--448
[]\TU/lmr/m/it/10 Note\TU/lmr/m/n/10 : Partnerskab opgjort i registre via DST-standardklassifikation
 []


Underfull \hbox (badness 10000) in paragraph at lines 447--448

 []


LaTeX Warning: Reference `tab:tab-3-3' on page 34 undefined on input line 450.



[34]

[35]

[36

]
Kapitel 4.
File: images/dalle-schoolseg.png Graphic file (type bmp)
<images/dalle-schoolseg.png>


[37]

[38]

LaTeX Warning: Citation `ref-allport1979' on page 39 undefined on input line 477.



[39]

[40]

LaTeX Warning: Citation `ref-bjerrenielsen2020' on page 41 undefined on input line 495.



[41]
File: images/figur_3_1c_distance_antal.pdf Graphic file (type pdf)
<use images/figur_3_1c_distance_antal.pdf>


[42]

LaTeX Warning: Citation `ref-bjerrenielsen2020' on page 43 undefined on input line 511.


LaTeX Warning: Citation `ref-nielsen2019' on page 43 undefined on input line 511.



[43]
Underfull \hbox (badness 3407) in paragraph at lines 515--516
\TU/lmr/m/n/10 Når vi måler graden af segregering, er det mest anvendte mål for
 []



[44]

[45]
File: images/figur_3_2.pdf Graphic file (type pdf)
<use images/figur_3_2.pdf>


[46]

[47]
File: images/Figur4.png Graphic file (type bmp)
<images/Figur4.png>


[48]


Overfull \hbox (1.56561pt too wide) has occurred while \output is active
\TU/lmr/m/sl/10 4.4.  SKOLESEGREGERING SOM PRODUKT AF BOLIGSEGREGERING \TU/lmr/m/n/10 49
 []

[49]
File: images/Figur5.png Graphic file (type bmp)
<images/Figur5.png>


[50]


Overfull \hbox (1.56561pt too wide) has occurred while \output is active
\TU/lmr/m/sl/10 4.4.  SKOLESEGREGERING SOM PRODUKT AF BOLIGSEGREGERING \TU/lmr/m/n/10 51
 []

[51]

[52]

[53]

[54

]
Kapitel 5.
File: images/dalle-work.png Graphic file (type bmp)
<images/dalle-work.png>


[55]
Underfull \hbox (badness 3158) in paragraph at lines 579--579
[]\TU/lmr/bx/n/14.4 Den etniske sammensætning af arbejd-
 []



[56]

LaTeX Warning: Hyper reference `bilagA' on page 57 undefined on input line 585.

File: en-befolkning-blander-sig_files/figure-latex/fig-5-1-1.pdf Graphic file (type pdf)
<use en-befolkning-blander-sig_files/figure-latex/fig-5-1-1.pdf>

LaTeX Warning: Hyper reference `bilagA' on page 57 undefined on input line 597.



[57]

[58]
File: images/Figur_4_1.png Graphic file (type bmp)
<images/Figur_4_1.png>

Underfull \hbox (badness 1460) in paragraph at lines 615--616
\TU/lmr/m/n/10 herkomst kan nuanceres på mange forskellige måder. For gruppen af
 []




Overfull \hbox (171.65234pt too wide) has occurred while \output is active
\TU/lmr/m/sl/10 5.2.  GENNEMSNITLIG EKSPONERING TIL INDVANDRERE OG EFTERKOMMERE PÅ ARBEJDSPLADSER \TU/lmr/m/n/10 59
 []

[59]
Underfull \hbox (badness 3417) in paragraph at lines 617--618
\TU/lmr/m/n/10 med dansk-dansk herkomst (gennemsnitlige) eksponering til MENAPT-
 []

File: images/Figur_4_2.png Graphic file (type bmp)
<images/Figur_4_2.png>
File: images/Figur_4_3.png Graphic file (type bmp)
<images/Figur_4_3.png>

Underfull \hbox (badness 1442) in paragraph at lines 637--638
\TU/lmr/m/n/10 Beskæftigede indvandrere og efterkommere er i høj grad eksponeret til
 []


Underfull \hbox (badness 1810) in paragraph at lines 637--638
\TU/lmr/m/n/10 beskæftigede med dansk-dansk herkomst på deres arbejdsplads. Diop-
 []



[60]

[61]
File: images/Figur_4_4.png Graphic file (type bmp)
<images/Figur_4_4.png>


[62]
File: images/Figur_4_5.png Graphic file (type bmp)
<images/Figur_4_5.png>



Overfull \hbox (10.41672pt too wide) has occurred while \output is active
\TU/lmr/m/sl/10 5.5.  MINORITETERS ”ISOLATION” FRA MAJORITETSBEFOLKNINGEN \TU/lmr/m/n/10 63
 []

[63]

LaTeX Warning: Hyper reference `indledning' on page 64 undefined on input line 661.



[64]
Kapitel 6.
File: images/dalle-friendships.png Graphic file (type bmp)
<images/dalle-friendships.png>


[65

]

LaTeX Warning: Reference `tab:tab-6-1' on page 66 undefined on input line 683.


LaTeX Warning: Reference `tab:tab-6-1' on page 66 undefined on input line 683.



[66]
Overfull \hbox (50.3pt too wide) in alignment at lines 686--697
 [] [] [] [] [] [] [] 
 []


Underfull \hbox (badness 10000) in paragraph at lines 699--702

 []

File: en-befolkning-blander-sig_files/figure-latex/fig-6-1-1.pdf Graphic file (type pdf)
<use en-befolkning-blander-sig_files/figure-latex/fig-6-1-1.pdf>



Overfull \hbox (48.22453pt too wide) has occurred while \output is active
\TU/lmr/m/sl/10 6.2.  MAJORITETENS VENSKABER MED INDVANDRERE OG EFTERKOMMERE \TU/lmr/m/n/10 67
 []

[67]

[68]
File: images/Figur_6_2.jpg Graphic file (type bmp)
<images/Figur_6_2.jpg>

Underfull \vbox (badness 6477) has occurred while \output is active []




Overfull \hbox (48.22453pt too wide) has occurred while \output is active
\TU/lmr/m/sl/10 6.2.  MAJORITETENS VENSKABER MED INDVANDRERE OG EFTERKOMMERE \TU/lmr/m/n/10 69
 []

[69]

[70]
File: en-befolkning-blander-sig_files/figure-latex/fig-6-3-1.pdf Graphic file (type pdf)
<use en-befolkning-blander-sig_files/figure-latex/fig-6-3-1.pdf>
File: en-befolkning-blander-sig_files/figure-latex/fig-6-4-1.pdf Graphic file (type pdf)
<use en-befolkning-blander-sig_files/figure-latex/fig-6-4-1.pdf>


[71]
File: en-befolkning-blander-sig_files/figure-latex/fig-6-5-1.pdf Graphic file (type pdf)
<use en-befolkning-blander-sig_files/figure-latex/fig-6-5-1.pdf>


[72]

[73]

[74]

[75]

[76

]
Kapitel 7.
File: images/dalle-integration.png Graphic file (type bmp)
<images/dalle-integration.png>

LaTeX Warning: Citation `ref-nielsen2024' on page 77 undefined on input line 760.



[77]

[78]

[79]

[80]

[81]
Overfull \hbox (4.81201pt too wide) in paragraph at lines 787--788
[]\TU/lmr/m/n/10 Diop-Christensen et al. ([]2024[]) viser, at (ikke-vestlige) indvandrere/efterkommere,
 []


Underfull \hbox (badness 10000) in paragraph at lines 789--789
[]\TU/lmr/bx/n/14.4 Kontaktperspektivets begrænsninger og
 []



[82]


Overfull \hbox (41.90562pt too wide) has occurred while \output is active
\TU/lmr/m/sl/10 7.4.  KONTAKTPERSPEKTIVETS BEGRÆNSNINGER OG VIDERE FORSKNING \TU/lmr/m/n/10 83
 []

[83]

[84

]

[85]

[86]


Overfull \hbox (41.90562pt too wide) has occurred while \output is active
\TU/lmr/m/sl/10 7.4.  KONTAKTPERSPEKTIVETS BEGRÆNSNINGER OG VIDERE FORSKNING \TU/lmr/m/n/10 87
 []

[87]

[88]


Overfull \hbox (41.90562pt too wide) has occurred while \output is active
\TU/lmr/m/sl/10 7.4.  KONTAKTPERSPEKTIVETS BEGRÆNSNINGER OG VIDERE FORSKNING \TU/lmr/m/n/10 89
 []

[89]

[90

]
Bilag A.


[91]

LaTeX Warning: Citation `ref-duncan1955' on page 92 undefined on input line 1047.



[92]

[93]
File: en-befolkning-blander-sig_files/figure-latex/fig-9-1-1.pdf Graphic file (type pdf)
<use en-befolkning-blander-sig_files/figure-latex/fig-9-1-1.pdf>


[94]

[95]

[96]

[97]
File: en-befolkning-blander-sig_files/figure-latex/fig-9-2-1.pdf Graphic file (type pdf)
<use en-befolkning-blander-sig_files/figure-latex/fig-9-2-1.pdf>
File: en-befolkning-blander-sig_files/figure-latex/fig-9-3-1.pdf Graphic file (type pdf)
<use en-befolkning-blander-sig_files/figure-latex/fig-9-3-1.pdf>

Underfull \vbox (badness 10000) has occurred while \output is active []



[98]
Underfull \vbox (badness 3271) has occurred while \output is active []



[99]
File: en-befolkning-blander-sig_files/figure-latex/fig-9-4-1.pdf Graphic file (type pdf)
<use en-befolkning-blander-sig_files/figure-latex/fig-9-4-1.pdf>


[100]

[101]

[102

]
Bilag B.


[103] (./en-befolkning-blander-sig.aux)
 ***********
LaTeX2e <2024-06-01> patch level 1
L3 programming layer <2024-05-27>
 ***********

LaTeX Warning: There were undefined references.

 ) 
Here is how much of TeX's memory you used:
 23977 strings out of 476194
 463678 string characters out of 5784677
 1943557 words of memory out of 5000000
 46101 multiletter control sequences out of 15000+600000
 564576 words of font info for 96 fonts, out of 8000000 for 9000
 36 hyphenation exceptions out of 8191
 94i,8n,123p,2856b,533s stack positions out of 10000i,1000n,20000p,200000b,200000s

Output written on en-befolkning-blander-sig.pdf (103 pages).
